15/m/2024 12-38-35 AM: INFO: 10
15/m/2024 12-38-35 AM: INFO: New Delhi (DEL)
Indira Gandhi International
India
15/m/2024 12-38-35 AM: INFO: Mumbai (BOM)
Chhatrapati Shivaji International
India
15/m/2024 12-38-35 AM: INFO: Bangalore (BLR)
Kempegowda International
India
15/m/2024 12-38-35 AM: INFO: 10
15/m/2024 12-38-36 AM: INFO: New Delhi (DEL)
Indira Gandhi International
India
15/m/2024 12-38-36 AM: INFO: Mumbai (BOM)
Chhatrapati Shivaji International
India
15/m/2024 12-39-45 AM: INFO: 10
15/m/2024 12-39-45 AM: INFO: New Delhi (DEL)
Indira Gandhi International
India
15/m/2024 12-39-45 AM: INFO: Mumbai (BOM)
Chhatrapati Shivaji International
India
15/m/2024 12-39-45 AM: INFO: Bangalore (BLR)
Kempegowda International
India
15/m/2024 12-39-46 AM: INFO: 20
15/m/2024 12-39-46 AM: INFO: New Delhi (DEL)
Indira Gandhi International
India
15/m/2024 12-39-46 AM: INFO: Mumbai (BOM)
Chhatrapati Shivaji International
India
15/m/2024 12-40-05 AM: INFO: 10
15/m/2024 12-40-05 AM: INFO: New Delhi (DEL)
Indira Gandhi International
India
15/m/2024 12-40-05 AM: INFO: Mumbai (BOM)
Chhatrapati Shivaji International
India
15/m/2024 12-40-05 AM: INFO: Bangalore (BLR)
Kempegowda International
India
15/m/2024 12-40-06 AM: INFO: 20
15/m/2024 12-40-06 AM: INFO: New Delhi (DEL)
Indira Gandhi International
India
15/m/2024 12-40-06 AM: INFO: Mumbai (BOM)
Chhatrapati Shivaji International
India
15/m/2024 12-40-25 AM: INFO: 10
15/m/2024 12-40-25 AM: INFO: New Delhi (DEL)
Indira Gandhi International
India
15/m/2024 12-40-25 AM: INFO: Mumbai (BOM)
Chhatrapati Shivaji International
India
15/m/2024 12-40-25 AM: INFO: Bangalore (BLR)
Kempegowda International
India
15/m/2024 12-40-26 AM: INFO: 20
15/m/2024 12-40-26 AM: INFO: New Delhi (DEL)
Indira Gandhi International
India
15/m/2024 12-40-26 AM: INFO: Mumbai (BOM)
Chhatrapati Shivaji International
India
15/m/2024 12-40-45 AM: INFO: 10
15/m/2024 12-40-45 AM: INFO: Bangalore (BLR)
Kempegowda International
India
15/m/2024 12-42-44 AM: INFO: 10
15/m/2024 12-42-44 AM: INFO: New Delhi (DEL)
Indira Gandhi International
India
15/m/2024 12-42-44 AM: INFO: Mumbai (BOM)
Chhatrapati Shivaji International
India
15/m/2024 12-42-44 AM: INFO: Bangalore (BLR)
Kempegowda International
India
15/m/2024 12-42-45 AM: INFO: 10
15/m/2024 12-42-45 AM: INFO: New Delhi (DEL)
Indira Gandhi International
India
15/m/2024 12-42-45 AM: INFO: Mumbai (BOM)
Chhatrapati Shivaji International
India
15/m/2024 12-43-45 AM: INFO: 10
15/m/2024 12-43-45 AM: INFO: New Delhi (DEL)
Indira Gandhi International
India
15/m/2024 12-43-45 AM: INFO: Mumbai (BOM)
Chhatrapati Shivaji International
India
15/m/2024 12-43-45 AM: INFO: Bangalore (BLR)
Kempegowda International
India
15/m/2024 12-43-46 AM: INFO: 20
15/m/2024 12-43-46 AM: INFO: New Delhi (DEL)
Indira Gandhi International
India
15/m/2024 12-43-46 AM: INFO: Mumbai (BOM)
Chhatrapati Shivaji International
India
15/m/2024 12-44-51 AM: INFO: 10
15/m/2024 12-44-51 AM: INFO: New Delhi (DEL)
Indira Gandhi International
India
15/m/2024 12-44-51 AM: INFO: Mumbai (BOM)
Chhatrapati Shivaji International
India
15/m/2024 12-44-51 AM: INFO: Bangalore (BLR)
Kempegowda International
India
15/m/2024 12-44-51 AM: INFO: 20
15/m/2024 12-44-51 AM: INFO: New Delhi (DEL)
Indira Gandhi International
India
15/m/2024 12-44-52 AM: INFO: Mumbai (BOM)
Chhatrapati Shivaji International
India
15/m/2024 12-45-12 AM: INFO: 10
15/m/2024 12-45-12 AM: INFO: New Delhi (DEL)
Indira Gandhi International
India
15/m/2024 12-45-12 AM: INFO: Mumbai (BOM)
Chhatrapati Shivaji International
India
15/m/2024 12-45-12 AM: INFO: Bangalore (BLR)
Kempegowda International
India
15/m/2024 12-45-13 AM: INFO: 20
15/m/2024 12-45-13 AM: INFO: New Delhi (DEL)
Indira Gandhi International
India
15/m/2024 12-45-13 AM: INFO: Mumbai (BOM)
Chhatrapati Shivaji International
India
15/m/2024 12-45-31 AM: INFO: 10
15/m/2024 12-45-31 AM: INFO: New Delhi (DEL)
Indira Gandhi International
India
15/m/2024 12-45-31 AM: INFO: Mumbai (BOM)
Chhatrapati Shivaji International
India
15/m/2024 12-45-32 AM: INFO: Bangalore (BLR)
Kempegowda International
India
15/m/2024 12-45-32 AM: INFO: 20
15/m/2024 12-45-32 AM: INFO: New Delhi (DEL)
Indira Gandhi International
India
15/m/2024 12-45-33 AM: INFO: Mumbai (BOM)
Chhatrapati Shivaji International
India
15/m/2024 12-46-44 AM: INFO: 10
15/m/2024 12-46-44 AM: INFO: New Delhi (DEL)
Indira Gandhi International
India
15/m/2024 12-46-44 AM: INFO: Mumbai (BOM)
Chhatrapati Shivaji International
India
15/m/2024 12-46-44 AM: INFO: Bangalore (BLR)
Kempegowda International
India
15/m/2024 12-46-44 AM: INFO: 20
15/m/2024 12-46-44 AM: INFO: New Delhi (DEL)
Indira Gandhi International
India
15/m/2024 12-46-44 AM: INFO: Mumbai (BOM)
Chhatrapati Shivaji International
India
15/m/2024 12-47-10 AM: INFO: 10
15/m/2024 12-47-10 AM: INFO: New Delhi (DEL)
Indira Gandhi International
India
15/m/2024 12-47-10 AM: INFO: Mumbai (BOM)
Chhatrapati Shivaji International
India
15/m/2024 12-47-10 AM: INFO: Bangalore (BLR)
Kempegowda International
India
15/m/2024 12-47-11 AM: INFO: 20
15/m/2024 12-47-11 AM: INFO: New Delhi (DEL)
Indira Gandhi International
India
15/m/2024 12-47-11 AM: INFO: Mumbai (BOM)
Chhatrapati Shivaji International
India
15/m/2024 12-50-21 AM: INFO: 10
15/m/2024 12-50-21 AM: INFO: New Delhi (DEL)
Indira Gandhi International
India
15/m/2024 12-50-21 AM: INFO: Mumbai (BOM)
Chhatrapati Shivaji International
India
15/m/2024 12-50-21 AM: INFO: Bangalore (BLR)
Kempegowda International
India
15/m/2024 12-50-22 AM: INFO: 20
15/m/2024 12-50-22 AM: INFO: New Delhi (DEL)
Indira Gandhi International
India
15/m/2024 12-50-22 AM: INFO: Mumbai (BOM)
Chhatrapati Shivaji International
India
15/m/2024 12-51-07 AM: INFO: 10
15/m/2024 12-51-07 AM: INFO: New Delhi (DEL)
Indira Gandhi International
India
15/m/2024 12-51-07 AM: INFO: Mumbai (BOM)
Chhatrapati Shivaji International
India
15/m/2024 12-51-07 AM: INFO: Bangalore (BLR)
Kempegowda International
India
15/m/2024 12-51-07 AM: INFO: 20
15/m/2024 12-51-07 AM: INFO: New Delhi (DEL)
Indira Gandhi International
India
15/m/2024 12-51-07 AM: INFO: Mumbai (BOM)
Chhatrapati Shivaji International
India
15/m/2024 12-51-30 AM: INFO: 10
15/m/2024 12-51-30 AM: INFO: New Delhi (DEL)
Indira Gandhi International
India
15/m/2024 12-51-30 AM: INFO: Mumbai (BOM)
Chhatrapati Shivaji International
India
15/m/2024 12-51-31 AM: INFO: Bangalore (BLR)
Kempegowda International
India
15/m/2024 12-51-31 AM: INFO: 20
15/m/2024 12-51-31 AM: INFO: New Delhi (DEL)
Indira Gandhi International
India
15/m/2024 12-51-31 AM: INFO: Mumbai (BOM)
Chhatrapati Shivaji International
India
15/m/2024 12-52-20 AM: INFO: 10
15/m/2024 12-52-20 AM: INFO: New Delhi (DEL)
Indira Gandhi International
India
15/m/2024 12-52-20 AM: INFO: Mumbai (BOM)
Chhatrapati Shivaji International
India
15/m/2024 12-52-20 AM: INFO: Bangalore (BLR)
Kempegowda International
India
15/m/2024 12-52-21 AM: INFO: 20
15/m/2024 12-52-21 AM: INFO: New Delhi (DEL)
Indira Gandhi International
India
15/m/2024 12-52-21 AM: INFO: Mumbai (BOM)
Chhatrapati Shivaji International
India
15/m/2024 12-52-58 AM: INFO: 10
15/m/2024 12-52-58 AM: INFO: New Delhi (DEL)
Indira Gandhi International
India
15/m/2024 12-52-58 AM: INFO: Mumbai (BOM)
Chhatrapati Shivaji International
India
15/m/2024 12-52-58 AM: INFO: Bangalore (BLR)
Kempegowda International
India
15/m/2024 12-52-58 AM: INFO: 20
15/m/2024 12-52-58 AM: INFO: New Delhi (DEL)
Indira Gandhi International
India
15/m/2024 12-52-58 AM: INFO: Mumbai (BOM)
Chhatrapati Shivaji International
India
15/m/2024 12-53-22 AM: INFO: 10
15/m/2024 12-53-22 AM: INFO: New Delhi (DEL)
Indira Gandhi International
India
15/m/2024 12-53-22 AM: INFO: Mumbai (BOM)
Chhatrapati Shivaji International
India
15/m/2024 12-53-22 AM: INFO: Bangalore (BLR)
Kempegowda International
India
15/m/2024 12-53-23 AM: INFO: 10
15/m/2024 12-53-23 AM: INFO: New Delhi (DEL)
Indira Gandhi International
India
15/m/2024 12-53-23 AM: INFO: Mumbai (BOM)
Chhatrapati Shivaji International
India
15/m/2024 01-01-24 AM: INFO: 10
15/m/2024 01-01-24 AM: INFO: New Delhi (DEL)
Indira Gandhi International
India
15/m/2024 01-01-24 AM: INFO: Mumbai (BOM)
Chhatrapati Shivaji International
India
15/m/2024 01-01-24 AM: INFO: Bangalore (BLR)
Kempegowda International
India
15/m/2024 01-01-25 AM: INFO: 10
15/m/2024 01-01-25 AM: INFO: Mumbai (BOM)
Chhatrapati Shivaji International
India
15/m/2024 01-02-06 AM: INFO: 10
15/m/2024 01-02-06 AM: INFO: New Delhi (DEL)
Indira Gandhi International
India
15/m/2024 01-02-06 AM: INFO: Mumbai (BOM)
Chhatrapati Shivaji International
India
15/m/2024 01-02-06 AM: INFO: Bangalore (BLR)
Kempegowda International
India
15/m/2024 01-02-06 AM: INFO: 20
15/m/2024 01-02-06 AM: INFO: New Delhi (DEL)
Indira Gandhi International
India
15/m/2024 01-02-07 AM: INFO: Mumbai (BOM)
Chhatrapati Shivaji International
India
15/m/2024 01-03-06 AM: INFO: 10
15/m/2024 01-03-06 AM: INFO: New Delhi (DEL)
Indira Gandhi International
India
15/m/2024 01-03-06 AM: INFO: Mumbai (BOM)
Chhatrapati Shivaji International
India
15/m/2024 01-03-06 AM: INFO: Bangalore (BLR)
Kempegowda International
India
15/m/2024 01-03-07 AM: INFO: 10
15/m/2024 01-03-07 AM: INFO: New Delhi (DEL)
Indira Gandhi International
India
15/m/2024 01-03-07 AM: INFO: Goodnews Mumtrak (GNU)
Goodnews Mumtrak
USA
15/m/2024 01-04-25 AM: INFO: 10
15/m/2024 01-04-25 AM: INFO: New Delhi (DEL)
Indira Gandhi International
India
15/m/2024 01-04-25 AM: INFO: Mumbai (BOM)
Chhatrapati Shivaji International
India
15/m/2024 01-04-25 AM: INFO: Bangalore (BLR)
Kempegowda International
India
15/m/2024 01-04-26 AM: INFO: 10
15/m/2024 01-04-26 AM: INFO: New Delhi (DEL)
Indira Gandhi International
India
15/m/2024 01-04-26 AM: INFO: Goodnews Mumtrak (GNU)
Goodnews Mumtrak
USA
15/m/2024 01-07-54 AM: INFO: 10
15/m/2024 01-07-54 AM: INFO: New Delhi (DEL)
Indira Gandhi International
India
15/m/2024 01-07-54 AM: INFO: Mumbai (BOM)
Chhatrapati Shivaji International
India
15/m/2024 01-07-54 AM: INFO: Bangalore (BLR)
Kempegowda International
India
15/m/2024 01-07-55 AM: INFO: 20
15/m/2024 01-07-55 AM: INFO: New Delhi (DEL)
Indira Gandhi International
India
15/m/2024 01-07-55 AM: INFO: Mumbai (BOM)
Chhatrapati Shivaji International
India
15/m/2024 01-08-16 AM: INFO: 10
15/m/2024 01-08-16 AM: INFO: New Delhi (DEL)
Indira Gandhi International
India
15/m/2024 01-08-16 AM: INFO: Mumbai (BOM)
Chhatrapati Shivaji International
India
15/m/2024 01-08-16 AM: INFO: Bangalore (BLR)
Kempegowda International
India
15/m/2024 01-08-16 AM: INFO: 10
15/m/2024 01-08-16 AM: INFO: New Delhi (DEL)
Indira Gandhi International
India
15/m/2024 01-08-16 AM: INFO: Mumbai (BOM)
Chhatrapati Shivaji International
India
15/m/2024 01-10-12 AM: INFO: 10
15/m/2024 01-10-12 AM: INFO: New Delhi (DEL)
Indira Gandhi International
India
15/m/2024 01-10-13 AM: INFO: Mumbai (BOM)
Chhatrapati Shivaji International
India
15/m/2024 01-10-13 AM: INFO: Bangalore (BLR)
Kempegowda International
India
15/m/2024 01-10-13 AM: INFO: 20
15/m/2024 01-10-13 AM: INFO: New Delhi (DEL)
Indira Gandhi International
India
15/m/2024 01-10-13 AM: INFO: Mumbai (BOM)
Chhatrapati Shivaji International
India
15/m/2024 01-11-49 AM: INFO: 10
15/m/2024 01-11-49 AM: INFO: New Delhi (DEL)
Indira Gandhi International
India
15/m/2024 01-11-49 AM: INFO: Mumbai (BOM)
Chhatrapati Shivaji International
India
15/m/2024 01-11-50 AM: INFO: Bangalore (BLR)
Kempegowda International
India
15/m/2024 01-11-50 AM: INFO: 20
15/m/2024 01-11-50 AM: INFO: New Delhi (DEL)
Indira Gandhi International
India
15/m/2024 01-11-50 AM: INFO: Mumbai (BOM)
Chhatrapati Shivaji International
India
15/m/2024 01-12-10 AM: INFO: 10
15/m/2024 01-12-10 AM: INFO: New Delhi (DEL)
Indira Gandhi International
India
15/m/2024 01-12-11 AM: INFO: Mumbai (BOM)
Chhatrapati Shivaji International
India
15/m/2024 01-12-11 AM: INFO: Bangalore (BLR)
Kempegowda International
India
15/m/2024 01-12-11 AM: INFO: 20
15/m/2024 01-12-11 AM: INFO: New Delhi (DEL)
Indira Gandhi International
India
15/m/2024 01-12-11 AM: INFO: Mumbai (BOM)
Chhatrapati Shivaji International
India
15/m/2024 01-12-30 AM: INFO: 10
15/m/2024 01-12-30 AM: INFO: New Delhi (DEL)
Indira Gandhi International
India
15/m/2024 01-12-30 AM: INFO: Mumbai (BOM)
Chhatrapati Shivaji International
India
15/m/2024 01-12-30 AM: INFO: Bangalore (BLR)
Kempegowda International
India
15/m/2024 01-12-31 AM: INFO: 20
15/m/2024 01-12-31 AM: INFO: New Delhi (DEL)
Indira Gandhi International
India
15/m/2024 01-12-31 AM: INFO: Mumbai (BOM)
Chhatrapati Shivaji International
India
15/m/2024 01-12-50 AM: INFO: 10
15/m/2024 01-12-50 AM: INFO: New Delhi (DEL)
Indira Gandhi International
India
15/m/2024 01-12-50 AM: INFO: Mumbai (BOM)
Chhatrapati Shivaji International
India
15/m/2024 01-12-50 AM: INFO: Bangalore (BLR)
Kempegowda International
India
15/m/2024 01-12-51 AM: INFO: 20
15/m/2024 01-12-51 AM: INFO: New Delhi (DEL)
Indira Gandhi International
India
15/m/2024 01-12-51 AM: INFO: Mumbai (BOM)
Chhatrapati Shivaji International
India
15/m/2024 01-15-17 AM: INFO: 10
15/m/2024 01-15-17 AM: INFO: New Delhi (DEL)
Indira Gandhi International
India
15/m/2024 01-15-17 AM: INFO: Mumbai (BOM)
Chhatrapati Shivaji International
India
15/m/2024 01-15-17 AM: INFO: Bangalore (BLR)
Kempegowda International
India
15/m/2024 01-15-17 AM: INFO: 20
15/m/2024 01-15-17 AM: INFO: New Delhi (DEL)
Indira Gandhi International
India
15/m/2024 01-15-17 AM: INFO: Mumbai (BOM)
Chhatrapati Shivaji International
India
15/m/2024 01-15-36 AM: INFO: 10
15/m/2024 01-15-36 AM: INFO: New Delhi (DEL)
Indira Gandhi International
India
15/m/2024 01-15-36 AM: INFO: Mumbai (BOM)
Chhatrapati Shivaji International
India
15/m/2024 01-15-36 AM: INFO: Bangalore (BLR)
Kempegowda International
India
15/m/2024 01-15-36 AM: INFO: 20
15/m/2024 01-15-36 AM: INFO: New Delhi (DEL)
Indira Gandhi International
India
15/m/2024 01-15-36 AM: INFO: Mumbai (BOM)
Chhatrapati Shivaji International
India
15/m/2024 01-16-04 AM: INFO: 10
15/m/2024 01-16-04 AM: INFO: New Delhi (DEL)
Indira Gandhi International
India
15/m/2024 01-16-04 AM: INFO: Mumbai (BOM)
Chhatrapati Shivaji International
India
15/m/2024 01-16-04 AM: INFO: Bangalore (BLR)
Kempegowda International
India
15/m/2024 01-16-05 AM: INFO: 20
15/m/2024 01-16-05 AM: INFO: New Delhi (DEL)
Indira Gandhi International
India
15/m/2024 01-16-05 AM: INFO: Mumbai (BOM)
Chhatrapati Shivaji International
India
15/m/2024 01-16-26 AM: INFO: 1
15/m/2024 01-16-26 AM: INFO: Bangalore (BLR)
Kempegowda International
India
15/m/2024 01-16-26 AM: INFO: 20
15/m/2024 01-16-26 AM: INFO: New Delhi (DEL)
Indira Gandhi International
India
15/m/2024 01-16-27 AM: INFO: Mumbai (BOM)
Chhatrapati Shivaji International
India
15/m/2024 01-16-46 AM: INFO: 10
15/m/2024 01-16-46 AM: INFO: New Delhi (DEL)
Indira Gandhi International
India
15/m/2024 01-16-46 AM: INFO: Mumbai (BOM)
Chhatrapati Shivaji International
India
15/m/2024 01-16-46 AM: INFO: Bangalore (BLR)
Kempegowda International
India
15/m/2024 01-16-47 AM: INFO: 10
15/m/2024 01-16-47 AM: INFO: New Delhi (DEL)
Indira Gandhi International
India
15/m/2024 01-16-47 AM: INFO: Mumbai (BOM)
Chhatrapati Shivaji International
India
15/m/2024 02-20-12 PM: INFO: 10
15/m/2024 02-20-12 PM: INFO: New Delhi (DEL)
Indira Gandhi International
India
15/m/2024 02-20-12 PM: INFO: Mumbai (BOM)
Chhatrapati Shivaji International
India
15/m/2024 02-20-12 PM: INFO: Bangalore (BLR)
Kempegowda International
India
15/m/2024 02-20-13 PM: INFO: 10
15/m/2024 02-20-13 PM: INFO: New Delhi (DEL)
Indira Gandhi International
India
15/m/2024 02-20-13 PM: INFO: Mumbai (BOM)
Chhatrapati Shivaji International
India
15/m/2024 02-27-48 PM: INFO: 10
15/m/2024 02-27-48 PM: INFO: New Delhi (DEL)
Indira Gandhi International
India
15/m/2024 02-27-48 PM: INFO: Mumbai (BOM)
Chhatrapati Shivaji International
India
15/m/2024 02-27-48 PM: INFO: Bangalore (BLR)
Kempegowda International
India
15/m/2024 02-27-49 PM: INFO: 20
15/m/2024 02-27-49 PM: INFO: New Delhi (DEL)
Indira Gandhi International
India
15/m/2024 02-27-49 PM: INFO: Mumbai (BOM)
Chhatrapati Shivaji International
India
15/m/2024 02-28-10 PM: INFO: 10
15/m/2024 02-28-10 PM: INFO: New Delhi (DEL)
Indira Gandhi International
India
15/m/2024 02-28-10 PM: INFO: Mumbai (BOM)
Chhatrapati Shivaji International
India
15/m/2024 02-28-10 PM: INFO: Bangalore (BLR)
Kempegowda International
India
15/m/2024 02-28-11 PM: INFO: 10
15/m/2024 02-28-11 PM: INFO: New Delhi (DEL)
Indira Gandhi International
India
15/m/2024 02-28-11 PM: INFO: Mumbai (BOM)
Chhatrapati Shivaji International
India
15/m/2024 02-34-58 PM: INFO: 10
15/m/2024 02-34-58 PM: INFO: New Delhi (DEL)
Indira Gandhi International
India
15/m/2024 02-34-58 PM: INFO: Mumbai (BOM)
Chhatrapati Shivaji International
India
15/m/2024 02-34-58 PM: INFO: Bangalore (BLR)
Kempegowda International
India
15/m/2024 02-36-33 PM: INFO: 10
15/m/2024 02-36-33 PM: INFO: New Delhi (DEL)
Indira Gandhi International
India
15/m/2024 02-36-52 PM: INFO: 10
15/m/2024 02-36-52 PM: INFO: New Delhi (DEL)
Indira Gandhi International
India
15/m/2024 02-36-52 PM: INFO: Mumbai (BOM)
Chhatrapati Shivaji International
India
15/m/2024 02-36-52 PM: INFO: Bangalore (BLR)
Kempegowda International
India
15/m/2024 02-36-53 PM: INFO: 21
15/m/2024 02-36-53 PM: INFO: Bangalore (BLR)
Kempegowda International
India
15/m/2024 02-37-13 PM: INFO: 10
15/m/2024 02-37-13 PM: INFO: New Delhi (DEL)
Indira Gandhi International
India
15/m/2024 02-37-13 PM: INFO: Mumbai (BOM)
Chhatrapati Shivaji International
India
15/m/2024 02-37-13 PM: INFO: Bangalore (BLR)
Kempegowda International
India
15/m/2024 02-37-14 PM: INFO: 20
15/m/2024 02-37-14 PM: INFO: New Delhi (DEL)
Indira Gandhi International
India
15/m/2024 02-37-14 PM: INFO: Mumbai (BOM)
Chhatrapati Shivaji International
India
15/m/2024 02-38-40 PM: INFO: 10
15/m/2024 02-38-40 PM: INFO: Bangalore (BLR)
Kempegowda International
India
15/m/2024 02-39-04 PM: INFO: 10
15/m/2024 02-39-04 PM: INFO: New Delhi (DEL)
Indira Gandhi International
India
15/m/2024 02-39-04 PM: INFO: Mumbai (BOM)
Chhatrapati Shivaji International
India
15/m/2024 02-39-04 PM: INFO: Bangalore (BLR)
Kempegowda International
India
15/m/2024 02-39-05 PM: INFO: 10
15/m/2024 02-39-05 PM: INFO: New Delhi (DEL)
Indira Gandhi International
India
15/m/2024 02-39-05 PM: INFO: Mumbai (BOM)
Chhatrapati Shivaji International
India
15/m/2024 02-46-53 PM: INFO: 10
15/m/2024 02-46-53 PM: INFO: New Delhi (DEL)
Indira Gandhi International
India
15/m/2024 02-46-53 PM: INFO: Mumbai (BOM)
Chhatrapati Shivaji International
India
15/m/2024 02-46-53 PM: INFO: Bangalore (BLR)
Kempegowda International
India
15/m/2024 02-46-54 PM: INFO: 20
15/m/2024 02-46-54 PM: INFO: New Delhi (DEL)
Indira Gandhi International
India
15/m/2024 02-46-54 PM: INFO: Mumbai (BOM)
Chhatrapati Shivaji International
India
15/m/2024 02-47-17 PM: INFO: 10
15/m/2024 02-47-17 PM: INFO: New Delhi (DEL)
Indira Gandhi International
India
15/m/2024 02-47-18 PM: INFO: Mumbai (BOM)
Chhatrapati Shivaji International
India
15/m/2024 02-47-18 PM: INFO: Bangalore (BLR)
Kempegowda International
India
15/m/2024 02-47-18 PM: INFO: 20
15/m/2024 02-47-18 PM: INFO: New Delhi (DEL)
Indira Gandhi International
India
15/m/2024 02-47-18 PM: INFO: Mumbai (BOM)
Chhatrapati Shivaji International
India
15/m/2024 02-47-38 PM: INFO: 10
15/m/2024 02-47-38 PM: INFO: New Delhi (DEL)
Indira Gandhi International
India
15/m/2024 02-47-38 PM: INFO: Mumbai (BOM)
Chhatrapati Shivaji International
India
15/m/2024 02-47-38 PM: INFO: Bangalore (BLR)
Kempegowda International
India
15/m/2024 02-47-39 PM: INFO: 20
15/m/2024 02-47-39 PM: INFO: New Delhi (DEL)
Indira Gandhi International
India
15/m/2024 02-47-39 PM: INFO: Mumbai (BOM)
Chhatrapati Shivaji International
India
15/m/2024 02-48-57 PM: INFO: 1
15/m/2024 02-48-57 PM: INFO: New Delhi (DEL)
Indira Gandhi International
India
15/m/2024 02-48-57 PM: INFO: 10
15/m/2024 02-48-57 PM: INFO: New Delhi (DEL)
Indira Gandhi International
India
15/m/2024 02-48-57 PM: INFO: Mumbai (BOM)
Chhatrapati Shivaji International
India
15/m/2024 02-49-53 PM: INFO: 10
15/m/2024 02-49-53 PM: INFO: New Delhi (DEL)
Indira Gandhi International
India
15/m/2024 02-49-54 PM: INFO: Mumbai (BOM)
Chhatrapati Shivaji International
India
15/m/2024 02-49-54 PM: INFO: Bangalore (BLR)
Kempegowda International
India
15/m/2024 02-49-54 PM: INFO: 20
15/m/2024 02-49-54 PM: INFO: New Delhi (DEL)
Indira Gandhi International
India
15/m/2024 02-49-54 PM: INFO: Mumbai (BOM)
Chhatrapati Shivaji International
India
15/m/2024 02-50-15 PM: INFO: 10
15/m/2024 02-50-15 PM: INFO: New Delhi (DEL)
Indira Gandhi International
India
15/m/2024 02-50-16 PM: INFO: Mumbai (BOM)
Chhatrapati Shivaji International
India
15/m/2024 02-50-16 PM: INFO: Bangalore (BLR)
Kempegowda International
India
15/m/2024 02-50-16 PM: INFO: 10
15/m/2024 02-50-16 PM: INFO: New Delhi (DEL)
Indira Gandhi International
India
15/m/2024 02-50-17 PM: INFO: Goodnews Mumtrak (GNU)
Goodnews Mumtrak
USA
15/m/2024 02-52-04 PM: INFO: 1
15/m/2024 02-52-04 PM: INFO: Bangalore (BLR)
Kempegowda International
India
15/m/2024 02-52-05 PM: INFO: 10
15/m/2024 02-52-05 PM: INFO: New Delhi (DEL)
Indira Gandhi International
India
15/m/2024 02-52-05 PM: INFO: Mumbai (BOM)
Chhatrapati Shivaji International
India
15/m/2024 03-03-22 PM: INFO: 1
15/m/2024 03-03-23 PM: INFO: New Delhi (DEL)
Indira Gandhi International
India
15/m/2024 03-03-23 PM: INFO: 10
15/m/2024 03-03-23 PM: INFO: New Delhi (DEL)
Indira Gandhi International
India
15/m/2024 03-03-23 PM: INFO: Mumbai (BOM)
Chhatrapati Shivaji International
India
15/m/2024 03-06-20 PM: INFO: 10
15/m/2024 03-06-20 PM: INFO: New Delhi (DEL)
Indira Gandhi International
India
15/m/2024 03-06-40 PM: INFO: 10
15/m/2024 03-06-40 PM: INFO: New Delhi (DEL)
Indira Gandhi International
India
15/m/2024 03-06-40 PM: INFO: Mumbai (BOM)
Chhatrapati Shivaji International
India
15/m/2024 03-06-40 PM: INFO: Bangalore (BLR)
Kempegowda International
India
15/m/2024 03-07-21 PM: INFO: 10
15/m/2024 03-07-21 PM: INFO: New Delhi (DEL)
Indira Gandhi International
India
15/m/2024 03-07-21 PM: INFO: Mumbai (BOM)
Chhatrapati Shivaji International
India
15/m/2024 03-07-45 PM: INFO: 1
15/m/2024 03-07-45 PM: INFO: New Delhi (DEL)
Indira Gandhi International
India
15/m/2024 03-07-45 PM: INFO: 10
15/m/2024 03-07-45 PM: INFO: New Delhi (DEL)
Indira Gandhi International
India
15/m/2024 03-07-45 PM: INFO: Mumbai (BOM)
Chhatrapati Shivaji International
India
15/m/2024 03-08-14 PM: INFO: 10
15/m/2024 03-08-14 PM: INFO: New Delhi (DEL)
Indira Gandhi International
India
15/m/2024 03-08-14 PM: INFO: Mumbai (BOM)
Chhatrapati Shivaji International
India
15/m/2024 03-08-14 PM: INFO: Bangalore (BLR)
Kempegowda International
India
15/m/2024 03-08-15 PM: INFO: 10
15/m/2024 03-08-15 PM: INFO: New Delhi (DEL)
Indira Gandhi International
India
15/m/2024 03-08-15 PM: INFO: Mumbai (BOM)
Chhatrapati Shivaji International
India
15/m/2024 03-11-00 PM: INFO: 1
15/m/2024 03-11-00 PM: INFO: Bangalore (BLR)
Kempegowda International
India
15/m/2024 03-11-01 PM: INFO: 20
15/m/2024 03-11-01 PM: INFO: New Delhi (DEL)
Indira Gandhi International
India
15/m/2024 03-11-01 PM: INFO: Mumbai (BOM)
Chhatrapati Shivaji International
India
15/m/2024 03-11-21 PM: INFO: 10
15/m/2024 03-11-21 PM: INFO: New Delhi (DEL)
Indira Gandhi International
India
15/m/2024 03-11-42 PM: INFO: 10
15/m/2024 03-11-42 PM: INFO: New Delhi (DEL)
Indira Gandhi International
India
15/m/2024 03-11-42 PM: INFO: Mumbai (BOM)
Chhatrapati Shivaji International
India
15/m/2024 03-11-42 PM: INFO: Bangalore (BLR)
Kempegowda International
India
15/m/2024 03-12-33 PM: INFO: 10
15/m/2024 03-12-33 PM: INFO: New Delhi (DEL)
Indira Gandhi International
India
15/m/2024 03-12-33 PM: INFO: Mumbai (BOM)
Chhatrapati Shivaji International
India
15/m/2024 03-12-33 PM: INFO: Bangalore (BLR)
Kempegowda International
India
15/m/2024 03-12-33 PM: INFO: 20
15/m/2024 03-12-34 PM: INFO: New Delhi (DEL)
Indira Gandhi International
India
15/m/2024 03-12-34 PM: INFO: Mumbai (BOM)
Chhatrapati Shivaji International
India
15/m/2024 03-12-57 PM: INFO: 10
15/m/2024 03-12-57 PM: INFO: New Delhi (DEL)
Indira Gandhi International
India
15/m/2024 03-12-57 PM: INFO: Mumbai (BOM)
Chhatrapati Shivaji International
India
15/m/2024 03-12-57 PM: INFO: Bangalore (BLR)
Kempegowda International
India
15/m/2024 03-12-58 PM: INFO: 20
15/m/2024 03-12-58 PM: INFO: New Delhi (DEL)
Indira Gandhi International
India
15/m/2024 03-12-58 PM: INFO: Mumbai (BOM)
Chhatrapati Shivaji International
India
15/m/2024 03-13-22 PM: INFO: 10
15/m/2024 03-13-22 PM: INFO: New Delhi (DEL)
Indira Gandhi International
India
15/m/2024 03-13-22 PM: INFO: Mumbai (BOM)
Chhatrapati Shivaji International
India
15/m/2024 03-13-22 PM: INFO: Bangalore (BLR)
Kempegowda International
India
15/m/2024 03-13-23 PM: INFO: 10
15/m/2024 03-13-23 PM: INFO: New Delhi (DEL)
Indira Gandhi International
India
15/m/2024 03-13-23 PM: INFO: Mumbai (BOM)
Chhatrapati Shivaji International
India
15/m/2024 03-15-44 PM: INFO: 10
15/m/2024 03-15-44 PM: INFO: New Delhi (DEL)
Indira Gandhi International
India
15/m/2024 03-15-44 PM: INFO: Mumbai (BOM)
Chhatrapati Shivaji International
India
15/m/2024 03-15-44 PM: INFO: Bangalore (BLR)
Kempegowda International
India
15/m/2024 03-15-45 PM: INFO: 10
15/m/2024 03-15-45 PM: INFO: New Delhi (DEL)
Indira Gandhi International
India
15/m/2024 03-15-45 PM: INFO: Mumbai (BOM)
Chhatrapati Shivaji International
India
15/m/2024 03-17-35 PM: INFO: 10
15/m/2024 03-17-35 PM: INFO: New Delhi (DEL)
Indira Gandhi International
India
15/m/2024 03-17-36 PM: INFO: Mumbai (BOM)
Chhatrapati Shivaji International
India
15/m/2024 03-17-36 PM: INFO: Bangalore (BLR)
Kempegowda International
India
15/m/2024 03-17-36 PM: INFO: 10
15/m/2024 03-17-36 PM: INFO: New Delhi (DEL)
Indira Gandhi International
India
15/m/2024 03-17-36 PM: INFO: Mumbai (BOM)
Chhatrapati Shivaji International
India
15/m/2024 03-41-00 PM: INFO: 10
15/m/2024 03-41-00 PM: INFO: New Delhi (DEL)
Indira Gandhi International
India
15/m/2024 03-41-00 PM: INFO: Mumbai (BOM)
Chhatrapati Shivaji International
India
15/m/2024 03-41-00 PM: INFO: Bangalore (BLR)
Kempegowda International
India
15/m/2024 03-41-01 PM: INFO: 20
15/m/2024 03-41-01 PM: INFO: New Delhi (DEL)
Indira Gandhi International
India
15/m/2024 03-41-01 PM: INFO: Mumbai (BOM)
Chhatrapati Shivaji International
India
15/m/2024 03-43-20 PM: INFO: 10
15/m/2024 03-43-20 PM: INFO: New Delhi (DEL)
Indira Gandhi International
India
15/m/2024 03-43-20 PM: INFO: Mumbai (BOM)
Chhatrapati Shivaji International
India
15/m/2024 03-43-20 PM: INFO: Bangalore (BLR)
Kempegowda International
India
15/m/2024 03-43-21 PM: INFO: 20
15/m/2024 03-43-21 PM: INFO: New Delhi (DEL)
Indira Gandhi International
India
15/m/2024 03-43-21 PM: INFO: Mumbai (BOM)
Chhatrapati Shivaji International
India
15/m/2024 03-43-59 PM: INFO: 10
15/m/2024 03-43-59 PM: INFO: New Delhi (DEL)
Indira Gandhi International
India
15/m/2024 03-44-00 PM: INFO: Mumbai (BOM)
Chhatrapati Shivaji International
India
15/m/2024 03-44-00 PM: INFO: Bangalore (BLR)
Kempegowda International
India
15/m/2024 03-44-00 PM: INFO: 20
15/m/2024 03-44-00 PM: INFO: New Delhi (DEL)
Indira Gandhi International
India
15/m/2024 03-44-00 PM: INFO: Mumbai (BOM)
Chhatrapati Shivaji International
India
15/m/2024 07-25-44 PM: INFO: 1
15/m/2024 07-25-44 PM: INFO: Bangalore (BLR)
Kempegowda International
India
15/m/2024 07-25-45 PM: INFO: 20
15/m/2024 07-25-45 PM: INFO: New Delhi (DEL)
Indira Gandhi International
India
15/m/2024 07-25-45 PM: INFO: Mumbai (BOM)
Chhatrapati Shivaji International
India
15/m/2024 07-26-06 PM: INFO: 10
15/m/2024 07-26-06 PM: INFO: New Delhi (DEL)
Indira Gandhi International
India
15/m/2024 07-26-06 PM: INFO: Mumbai (BOM)
Chhatrapati Shivaji International
India
15/m/2024 07-26-06 PM: INFO: Bangalore (BLR)
Kempegowda International
India
15/m/2024 07-26-07 PM: INFO: 20
15/m/2024 07-26-07 PM: INFO: New Delhi (DEL)
Indira Gandhi International
India
15/m/2024 07-26-07 PM: INFO: Mumbai (BOM)
Chhatrapati Shivaji International
India
15/m/2024 07-26-27 PM: INFO: 10
15/m/2024 07-26-27 PM: INFO: New Delhi (DEL)
Indira Gandhi International
India
15/m/2024 07-26-27 PM: INFO: Mumbai (BOM)
Chhatrapati Shivaji International
India
15/m/2024 07-26-27 PM: INFO: Bangalore (BLR)
Kempegowda International
India
15/m/2024 07-26-28 PM: INFO: 20
15/m/2024 07-26-28 PM: INFO: New Delhi (DEL)
Indira Gandhi International
India
15/m/2024 07-26-28 PM: INFO: Mumbai (BOM)
Chhatrapati Shivaji International
India
15/m/2024 07-27-34 PM: INFO: 10
15/m/2024 07-27-34 PM: INFO: New Delhi (DEL)
Indira Gandhi International
India
15/m/2024 07-27-34 PM: INFO: Mumbai (BOM)
Chhatrapati Shivaji International
India
15/m/2024 07-27-34 PM: INFO: Bangalore (BLR)
Kempegowda International
India
15/m/2024 07-27-34 PM: INFO: 12
15/m/2024 07-27-34 PM: INFO: New Delhi (DEL)
Indira Gandhi International
India
15/m/2024 07-27-34 PM: INFO: Mumbai (BOM)
Chhatrapati Shivaji International
India
15/m/2024 07-27-54 PM: INFO: 10
15/m/2024 07-27-54 PM: INFO: New Delhi (DEL)
Indira Gandhi International
India
15/m/2024 07-27-54 PM: INFO: Mumbai (BOM)
Chhatrapati Shivaji International
India
15/m/2024 07-27-54 PM: INFO: Bangalore (BLR)
Kempegowda International
India
15/m/2024 07-27-54 PM: INFO: 20
15/m/2024 07-27-54 PM: INFO: New Delhi (DEL)
Indira Gandhi International
India
15/m/2024 07-27-54 PM: INFO: Mumbai (BOM)
Chhatrapati Shivaji International
India
15/m/2024 07-28-15 PM: INFO: 10
15/m/2024 07-28-15 PM: INFO: New Delhi (DEL)
Indira Gandhi International
India
15/m/2024 07-28-15 PM: INFO: Mumbai (BOM)
Chhatrapati Shivaji International
India
15/m/2024 07-28-15 PM: INFO: Bangalore (BLR)
Kempegowda International
India
15/m/2024 07-28-15 PM: INFO: 20
15/m/2024 07-28-15 PM: INFO: New Delhi (DEL)
Indira Gandhi International
India
15/m/2024 07-28-15 PM: INFO: Mumbai (BOM)
Chhatrapati Shivaji International
India
15/m/2024 07-28-41 PM: INFO: 10
15/m/2024 07-28-41 PM: INFO: New Delhi (DEL)
Indira Gandhi International
India
15/m/2024 07-28-41 PM: INFO: Mumbai (BOM)
Chhatrapati Shivaji International
India
15/m/2024 07-28-41 PM: INFO: Bangalore (BLR)
Kempegowda International
India
15/m/2024 07-28-41 PM: INFO: 20
15/m/2024 07-28-41 PM: INFO: New Delhi (DEL)
Indira Gandhi International
India
15/m/2024 07-28-41 PM: INFO: Mumbai (BOM)
Chhatrapati Shivaji International
India
15/m/2024 07-29-02 PM: INFO: 10
15/m/2024 07-29-02 PM: INFO: New Delhi (DEL)
Indira Gandhi International
India
15/m/2024 07-29-02 PM: INFO: Mumbai (BOM)
Chhatrapati Shivaji International
India
15/m/2024 07-29-02 PM: INFO: Bangalore (BLR)
Kempegowda International
India
15/m/2024 07-29-02 PM: INFO: 20
15/m/2024 07-29-02 PM: INFO: New Delhi (DEL)
Indira Gandhi International
India
15/m/2024 07-29-03 PM: INFO: Mumbai (BOM)
Chhatrapati Shivaji International
India
15/m/2024 07-29-24 PM: INFO: 10
15/m/2024 07-29-24 PM: INFO: New Delhi (DEL)
Indira Gandhi International
India
15/m/2024 07-29-24 PM: INFO: Mumbai (BOM)
Chhatrapati Shivaji International
India
15/m/2024 07-29-24 PM: INFO: Bangalore (BLR)
Kempegowda International
India
15/m/2024 07-29-25 PM: INFO: 20
15/m/2024 07-29-25 PM: INFO: New Delhi (DEL)
Indira Gandhi International
India
15/m/2024 07-29-25 PM: INFO: Mumbai (BOM)
Chhatrapati Shivaji International
India
15/m/2024 07-29-45 PM: INFO: 10
15/m/2024 07-29-45 PM: INFO: New Delhi (DEL)
Indira Gandhi International
India
15/m/2024 07-29-45 PM: INFO: Mumbai (BOM)
Chhatrapati Shivaji International
India
15/m/2024 07-29-45 PM: INFO: Bangalore (BLR)
Kempegowda International
India
15/m/2024 07-29-46 PM: INFO: 20
15/m/2024 07-29-46 PM: INFO: New Delhi (DEL)
Indira Gandhi International
India
15/m/2024 07-29-46 PM: INFO: Mumbai (BOM)
Chhatrapati Shivaji International
India
15/m/2024 07-30-08 PM: INFO: 10
15/m/2024 07-30-08 PM: INFO: New Delhi (DEL)
Indira Gandhi International
India
15/m/2024 07-30-08 PM: INFO: Mumbai (BOM)
Chhatrapati Shivaji International
India
15/m/2024 07-30-08 PM: INFO: Bangalore (BLR)
Kempegowda International
India
15/m/2024 07-30-08 PM: INFO: 20
15/m/2024 07-30-08 PM: INFO: New Delhi (DEL)
Indira Gandhi International
India
15/m/2024 07-30-09 PM: INFO: Mumbai (BOM)
Chhatrapati Shivaji International
India
15/m/2024 07-31-03 PM: INFO: 10
15/m/2024 07-31-03 PM: INFO: New Delhi (DEL)
Indira Gandhi International
India
15/m/2024 07-31-03 PM: INFO: Mumbai (BOM)
Chhatrapati Shivaji International
India
15/m/2024 07-31-03 PM: INFO: Bangalore (BLR)
Kempegowda International
India
15/m/2024 07-31-04 PM: INFO: 20
15/m/2024 07-31-04 PM: INFO: New Delhi (DEL)
Indira Gandhi International
India
15/m/2024 07-31-04 PM: INFO: Mumbai (BOM)
Chhatrapati Shivaji International
India
15/m/2024 07-31-24 PM: INFO: 10
15/m/2024 07-31-24 PM: INFO: New Delhi (DEL)
Indira Gandhi International
India
15/m/2024 07-31-24 PM: INFO: Mumbai (BOM)
Chhatrapati Shivaji International
India
15/m/2024 07-31-24 PM: INFO: Bangalore (BLR)
Kempegowda International
India
15/m/2024 07-31-25 PM: INFO: 20
15/m/2024 07-31-25 PM: INFO: New Delhi (DEL)
Indira Gandhi International
India
15/m/2024 07-31-25 PM: INFO: Mumbai (BOM)
Chhatrapati Shivaji International
India
15/m/2024 07-31-49 PM: INFO: 10
15/m/2024 07-31-49 PM: INFO: New Delhi (DEL)
Indira Gandhi International
India
15/m/2024 07-31-49 PM: INFO: Mumbai (BOM)
Chhatrapati Shivaji International
India
15/m/2024 07-31-49 PM: INFO: Bangalore (BLR)
Kempegowda International
India
15/m/2024 07-31-49 PM: INFO: 20
15/m/2024 07-31-49 PM: INFO: New Delhi (DEL)
Indira Gandhi International
India
15/m/2024 07-31-49 PM: INFO: Mumbai (BOM)
Chhatrapati Shivaji International
India
15/m/2024 07-32-12 PM: INFO: 10
15/m/2024 07-32-12 PM: INFO: New Delhi (DEL)
Indira Gandhi International
India
15/m/2024 07-32-12 PM: INFO: Mumbai (BOM)
Chhatrapati Shivaji International
India
15/m/2024 07-32-12 PM: INFO: Bangalore (BLR)
Kempegowda International
India
15/m/2024 07-32-12 PM: INFO: 20
15/m/2024 07-32-12 PM: INFO: New Delhi (DEL)
Indira Gandhi International
India
15/m/2024 07-32-12 PM: INFO: Mumbai (BOM)
Chhatrapati Shivaji International
India
15/m/2024 07-32-36 PM: INFO: 10
15/m/2024 07-32-36 PM: INFO: New Delhi (DEL)
Indira Gandhi International
India
15/m/2024 07-32-36 PM: INFO: Mumbai (BOM)
Chhatrapati Shivaji International
India
15/m/2024 07-32-36 PM: INFO: Bangalore (BLR)
Kempegowda International
India
15/m/2024 07-32-37 PM: INFO: 20
15/m/2024 07-32-37 PM: INFO: New Delhi (DEL)
Indira Gandhi International
India
15/m/2024 07-32-37 PM: INFO: Mumbai (BOM)
Chhatrapati Shivaji International
India
15/m/2024 07-33-08 PM: INFO: 10
15/m/2024 07-33-08 PM: INFO: New Delhi (DEL)
Indira Gandhi International
India
15/m/2024 07-33-08 PM: INFO: Mumbai (BOM)
Chhatrapati Shivaji International
India
15/m/2024 07-33-08 PM: INFO: Bangalore (BLR)
Kempegowda International
India
15/m/2024 07-33-09 PM: INFO: 20
15/m/2024 07-33-09 PM: INFO: New Delhi (DEL)
Indira Gandhi International
India
15/m/2024 07-33-09 PM: INFO: Mumbai (BOM)
Chhatrapati Shivaji International
India
15/m/2024 07-33-30 PM: INFO: 10
15/m/2024 07-33-30 PM: INFO: New Delhi (DEL)
Indira Gandhi International
India
15/m/2024 07-33-30 PM: INFO: Mumbai (BOM)
Chhatrapati Shivaji International
India
15/m/2024 07-33-30 PM: INFO: Bangalore (BLR)
Kempegowda International
India
15/m/2024 07-33-30 PM: INFO: 20
15/m/2024 07-33-30 PM: INFO: New Delhi (DEL)
Indira Gandhi International
India
15/m/2024 07-33-30 PM: INFO: Mumbai (BOM)
Chhatrapati Shivaji International
India
15/m/2024 07-33-49 PM: INFO: 10
15/m/2024 07-33-49 PM: INFO: New Delhi (DEL)
Indira Gandhi International
India
15/m/2024 07-33-49 PM: INFO: Mumbai (BOM)
Chhatrapati Shivaji International
India
15/m/2024 07-33-49 PM: INFO: Bangalore (BLR)
Kempegowda International
India
15/m/2024 07-33-50 PM: INFO: 20
15/m/2024 07-33-50 PM: INFO: New Delhi (DEL)
Indira Gandhi International
India
15/m/2024 07-33-50 PM: INFO: Mumbai (BOM)
Chhatrapati Shivaji International
India
15/m/2024 07-34-09 PM: INFO: 10
15/m/2024 07-34-09 PM: INFO: New Delhi (DEL)
Indira Gandhi International
India
15/m/2024 07-34-09 PM: INFO: Mumbai (BOM)
Chhatrapati Shivaji International
India
15/m/2024 07-34-09 PM: INFO: Bangalore (BLR)
Kempegowda International
India
15/m/2024 07-34-10 PM: INFO: 20
15/m/2024 07-34-10 PM: INFO: New Delhi (DEL)
Indira Gandhi International
India
15/m/2024 07-34-10 PM: INFO: Mumbai (BOM)
Chhatrapati Shivaji International
India
15/m/2024 07-34-29 PM: INFO: 10
15/m/2024 07-34-29 PM: INFO: New Delhi (DEL)
Indira Gandhi International
India
15/m/2024 07-34-29 PM: INFO: Mumbai (BOM)
Chhatrapati Shivaji International
India
15/m/2024 07-34-29 PM: INFO: Bangalore (BLR)
Kempegowda International
India
15/m/2024 07-34-30 PM: INFO: 20
15/m/2024 07-34-30 PM: INFO: New Delhi (DEL)
Indira Gandhi International
India
15/m/2024 07-34-30 PM: INFO: Mumbai (BOM)
Chhatrapati Shivaji International
India
15/m/2024 07-34-48 PM: INFO: 10
15/m/2024 07-34-48 PM: INFO: New Delhi (DEL)
Indira Gandhi International
India
15/m/2024 07-34-48 PM: INFO: Mumbai (BOM)
Chhatrapati Shivaji International
India
15/m/2024 07-34-48 PM: INFO: Bangalore (BLR)
Kempegowda International
India
15/m/2024 07-34-49 PM: INFO: 10
15/m/2024 07-34-49 PM: INFO: New Delhi (DEL)
Indira Gandhi International
India
15/m/2024 07-34-49 PM: INFO: Mumbai (BOM)
Chhatrapati Shivaji International
India
15/m/2024 07-35-44 PM: INFO: 10
15/m/2024 07-35-44 PM: INFO: New Delhi (DEL)
Indira Gandhi International
India
15/m/2024 07-35-44 PM: INFO: Mumbai (BOM)
Chhatrapati Shivaji International
India
15/m/2024 07-35-44 PM: INFO: Bangalore (BLR)
Kempegowda International
India
15/m/2024 07-35-45 PM: INFO: 20
15/m/2024 07-35-45 PM: INFO: New Delhi (DEL)
Indira Gandhi International
India
15/m/2024 07-35-45 PM: INFO: Mumbai (BOM)
Chhatrapati Shivaji International
India
15/m/2024 07-36-03 PM: INFO: 10
15/m/2024 07-36-03 PM: INFO: New Delhi (DEL)
Indira Gandhi International
India
15/m/2024 07-36-03 PM: INFO: Mumbai (BOM)
Chhatrapati Shivaji International
India
15/m/2024 07-36-04 PM: INFO: Bangalore (BLR)
Kempegowda International
India
15/m/2024 07-36-04 PM: INFO: 10
15/m/2024 07-36-04 PM: INFO: New Delhi (DEL)
Indira Gandhi International
India
15/m/2024 07-36-04 PM: INFO: Mumbai (BOM)
Chhatrapati Shivaji International
India
15/m/2024 07-36-30 PM: INFO: 10
15/m/2024 07-36-30 PM: INFO: New Delhi (DEL)
Indira Gandhi International
India
15/m/2024 07-36-30 PM: INFO: Mumbai (BOM)
Chhatrapati Shivaji International
India
15/m/2024 07-36-30 PM: INFO: Bangalore (BLR)
Kempegowda International
India
15/m/2024 07-36-30 PM: INFO: 20
15/m/2024 07-36-30 PM: INFO: New Delhi (DEL)
Indira Gandhi International
India
15/m/2024 07-36-30 PM: INFO: Mumbai (BOM)
Chhatrapati Shivaji International
India
15/m/2024 07-55-11 PM: INFO: 10
15/m/2024 07-55-11 PM: INFO: New Delhi (DEL)
Indira Gandhi International
India
15/m/2024 07-55-12 PM: INFO: Mumbai (BOM)
Chhatrapati Shivaji International
India
15/m/2024 07-55-12 PM: INFO: Bangalore (BLR)
Kempegowda International
India
15/m/2024 07-55-12 PM: INFO: 10
15/m/2024 07-55-12 PM: INFO: New Delhi (DEL)
Indira Gandhi International
India
15/m/2024 07-55-12 PM: INFO: Mumbai (BOM)
Chhatrapati Shivaji International
India
15/m/2024 08-03-02 PM: INFO: 10
15/m/2024 08-03-02 PM: INFO: New Delhi (DEL)
Indira Gandhi International
India
15/m/2024 08-03-02 PM: INFO: Mumbai (BOM)
Chhatrapati Shivaji International
India
15/m/2024 08-03-02 PM: INFO: Bangalore (BLR)
Kempegowda International
India
15/m/2024 08-03-03 PM: INFO: 20
15/m/2024 08-03-03 PM: INFO: New Delhi (DEL)
Indira Gandhi International
India
15/m/2024 08-03-03 PM: INFO: Mumbai (BOM)
Chhatrapati Shivaji International
India
